 DEBUG:boto:Using access key provided by client.
DEBUG:boto:Using secret key provided by client.
DEBUG:boto:Using access key provided by client.
DEBUG:boto:Using secret key provided by client.
DEBUG:boto:path=/
DEBUG:boto:auth_path=/hapyakdemopagedrop/
DEBUG:boto:path=/?max-keys=0
DEBUG:boto:auth_path=/hapyakdemopagedrop/?max-keys=0
DEBUG:boto:Method: GET
DEBUG:boto:Path: /?max-keys=0
DEBUG:boto:Data: 
DEBUG:boto:Headers: {}
DEBUG:boto:Host: hapyakdemopagedrop.s3.amazonaws.com
DEBUG:boto:Port: 443
DEBUG:boto:Params: {}
DEBUG:boto:establishing HTTPS connection: host=hapyakdemopagedrop.s3.amazonaws.com, kwargs={'port': 443, 'timeout': 70}
DEBUG:boto:Token: None
DEBUG:boto:StringToSign:
GET


Thu, 25 Jun 2015 12:29:44 GMT
/hapyakdemopagedrop/
DEBUG:boto:Signature:
AWS AKIAILL4JI45EBVCWLXQ:CkypDHQFqZwS+hRLL7JYSjADXMI=
DEBUG:boto:<?xml version="1.0" encoding="UTF-8"?>
<ListBucketResult xmlns="http://s3.amazonaws.com/doc/2006-03-01/"><Name>hapyakdemopagedrop</Name><Prefix></Prefix><Marker></Marker><MaxKeys>0</MaxKeys><IsTruncated>false</IsTruncated></ListBucketResult>
DEBUG:boto:Using access key provided by client.
DEBUG:boto:Using secret key provided by client.
DEBUG:boto:path=/
DEBUG:boto:auth_path=/hapyakdemopagedrop/
DEBUG:boto:path=/?max-keys=0
DEBUG:boto:auth_path=/hapyakdemopagedrop/?max-keys=0
DEBUG:boto:Method: GET
DEBUG:boto:Path: /?max-keys=0
DEBUG:boto:Data: 
DEBUG:boto:Headers: {}
DEBUG:boto:Host: hapyakdemopagedrop.s3.amazonaws.com
DEBUG:boto:Port: 443
DEBUG:boto:Params: {}
DEBUG:boto:establishing HTTPS connection: host=hapyakdemopagedrop.s3.amazonaws.com, kwargs={'port': 443, 'timeout': 70}
DEBUG:boto:Token: None
DEBUG:boto:StringToSign:
GET


Thu, 25 Jun 2015 12:35:35 GMT
/hapyakdemopagedrop/
DEBUG:boto:Signature:
AWS AKIAILL4JI45EBVCWLXQ:UAA52/ACNjR9lLYD3SqROdYCk7E=
DEBUG:boto:<?xml version="1.0" encoding="UTF-8"?>
<ListBucketResult xmlns="http://s3.amazonaws.com/doc/2006-03-01/"><Name>hapyakdemopagedrop</Name><Prefix></Prefix><Marker></Marker><MaxKeys>0</MaxKeys><IsTruncated>false</IsTruncated></ListBucketResult>
ERROR:root:s3 upload failedTraceback (most recent call last):
  File "/home/ubuntu/forgescan.github.io/s3interface.py", line 56, in uploadfile
    filetobeuploaded=open(localfiledump+filename,"r")
IOError: [Errno 2] No such file or directory: '/home/ubuntu/forgescan.github.io/filedumptemplatehtml.html'

DEBUG:boto:Using access key provided by client.
DEBUG:boto:Using secret key provided by client.
DEBUG:boto:path=/
DEBUG:boto:auth_path=/hapyakdemopagedrop/
DEBUG:boto:path=/?max-keys=0
DEBUG:boto:auth_path=/hapyakdemopagedrop/?max-keys=0
DEBUG:boto:Method: GET
DEBUG:boto:Path: /?max-keys=0
DEBUG:boto:Data: 
DEBUG:boto:Headers: {}
DEBUG:boto:Host: hapyakdemopagedrop.s3.amazonaws.com
DEBUG:boto:Port: 443
DEBUG:boto:Params: {}
DEBUG:boto:establishing HTTPS connection: host=hapyakdemopagedrop.s3.amazonaws.com, kwargs={'port': 443, 'timeout': 70}
DEBUG:boto:Token: None
DEBUG:boto:StringToSign:
GET


Thu, 25 Jun 2015 12:39:29 GMT
/hapyakdemopagedrop/
DEBUG:boto:Signature:
AWS AKIAILL4JI45EBVCWLXQ:S0lkoadT0dRvPf+Itro0cl4r6Qs=
DEBUG:boto:<?xml version="1.0" encoding="UTF-8"?>
<ListBucketResult xmlns="http://s3.amazonaws.com/doc/2006-03-01/"><Name>hapyakdemopagedrop</Name><Prefix></Prefix><Marker></Marker><MaxKeys>0</MaxKeys><IsTruncated>false</IsTruncated></ListBucketResult>
ERROR:root:s3 upload failedTraceback (most recent call last):
  File "/home/ubuntu/forgescan.github.io/s3interface.py", line 57, in uploadfile
    destination=bucket.new_key(filename)
NameError: global name 'bucket' is not defined

DEBUG:boto:Using access key provided by client.
DEBUG:boto:Using secret key provided by client.
DEBUG:boto:path=/
DEBUG:boto:auth_path=/hapyakdemopagedrop/
DEBUG:boto:path=/?max-keys=0
DEBUG:boto:auth_path=/hapyakdemopagedrop/?max-keys=0
DEBUG:boto:Method: GET
DEBUG:boto:Path: /?max-keys=0
DEBUG:boto:Data: 
DEBUG:boto:Headers: {}
DEBUG:boto:Host: hapyakdemopagedrop.s3.amazonaws.com
DEBUG:boto:Port: 443
DEBUG:boto:Params: {}
DEBUG:boto:establishing HTTPS connection: host=hapyakdemopagedrop.s3.amazonaws.com, kwargs={'port': 443, 'timeout': 70}
DEBUG:boto:Token: None
DEBUG:boto:StringToSign:
GET


Thu, 25 Jun 2015 12:40:27 GMT
/hapyakdemopagedrop/
DEBUG:boto:Signature:
AWS AKIAILL4JI45EBVCWLXQ:wU/8dbmhB99SrtOgT51UV2MAPcU=
DEBUG:boto:<?xml version="1.0" encoding="UTF-8"?>
<ListBucketResult xmlns="http://s3.amazonaws.com/doc/2006-03-01/"><Name>hapyakdemopagedrop</Name><Prefix></Prefix><Marker></Marker><MaxKeys>0</MaxKeys><IsTruncated>false</IsTruncated></ListBucketResult>
DEBUG:boto:path=/unknown/templatehtml.html
DEBUG:boto:auth_path=/hapyakdemopagedrop/unknown/templatehtml.html
DEBUG:boto:Method: PUT
DEBUG:boto:Path: /unknown/templatehtml.html
DEBUG:boto:Data: 
DEBUG:boto:Headers: {'Content-Length': '5464', 'Content-MD5': 'QRH17GPnIGY3CadbDO5f2w==', 'Content-Type': 'text/html', 'Expect': '100-Continue', 'User-Agent': 'Boto/2.20.1 Python/2.7.6 Linux/3.13.0-48-generic'}
DEBUG:boto:Host: hapyakdemopagedrop.s3.amazonaws.com
DEBUG:boto:Port: 443
DEBUG:boto:Params: {}
DEBUG:boto:Token: None
DEBUG:boto:StringToSign:
PUT
QRH17GPnIGY3CadbDO5f2w==
text/html
Thu, 25 Jun 2015 12:40:27 GMT
/hapyakdemopagedrop/unknown/templatehtml.html
DEBUG:boto:Signature:
AWS AKIAILL4JI45EBVCWLXQ:I2HNVdW5cFQvOWw3VyIG9h21l6M=
DEBUG:boto:path=/unknown/templatehtml.html
DEBUG:boto:auth_path=/hapyakdemopagedrop/unknown/templatehtml.html
DEBUG:boto:path=/unknown/templatehtml.html?acl
DEBUG:boto:auth_path=/hapyakdemopagedrop/unknown/templatehtml.html?acl
DEBUG:boto:Method: PUT
DEBUG:boto:Path: /unknown/templatehtml.html?acl
DEBUG:boto:Data: 
DEBUG:boto:Headers: {'x-amz-acl': 'public-read'}
DEBUG:boto:Host: hapyakdemopagedrop.s3.amazonaws.com
DEBUG:boto:Port: 443
DEBUG:boto:Params: {}
DEBUG:boto:Token: None
DEBUG:boto:StringToSign:
PUT


Thu, 25 Jun 2015 12:40:27 GMT
x-amz-acl:public-read
/hapyakdemopagedrop/unknown/templatehtml.html?acl
DEBUG:boto:Signature:
AWS AKIAILL4JI45EBVCWLXQ:lolHL1pw+98797qr269Kr+kyiIA=
DEBUG:boto:Using access key provided by client.
DEBUG:boto:Using secret key provided by client.
DEBUG:boto:path=/
DEBUG:boto:auth_path=/hapyakdemopagedrop/
DEBUG:boto:path=/?max-keys=0
DEBUG:boto:auth_path=/hapyakdemopagedrop/?max-keys=0
DEBUG:boto:Method: GET
DEBUG:boto:Path: /?max-keys=0
DEBUG:boto:Data: 
DEBUG:boto:Headers: {}
DEBUG:boto:Host: hapyakdemopagedrop.s3.amazonaws.com
DEBUG:boto:Port: 443
DEBUG:boto:Params: {}
DEBUG:boto:establishing HTTPS connection: host=hapyakdemopagedrop.s3.amazonaws.com, kwargs={'port': 443, 'timeout': 70}
DEBUG:boto:Token: None
DEBUG:boto:StringToSign:
GET


Thu, 25 Jun 2015 12:42:05 GMT
/hapyakdemopagedrop/
DEBUG:boto:Signature:
AWS AKIAILL4JI45EBVCWLXQ:9S3u23rOMxsgYtzBv4ow8JSiaCU=
DEBUG:boto:<?xml version="1.0" encoding="UTF-8"?>
<ListBucketResult xmlns="http://s3.amazonaws.com/doc/2006-03-01/"><Name>hapyakdemopagedrop</Name><Prefix></Prefix><Marker></Marker><MaxKeys>0</MaxKeys><IsTruncated>false</IsTruncated></ListBucketResult>
DEBUG:boto:path=/unknown/templatehtml.html
DEBUG:boto:auth_path=/hapyakdemopagedrop/unknown/templatehtml.html
DEBUG:boto:Method: PUT
DEBUG:boto:Path: /unknown/templatehtml.html
DEBUG:boto:Data: 
DEBUG:boto:Headers: {'Content-Length': '5464', 'Content-MD5': 'QRH17GPnIGY3CadbDO5f2w==', 'Content-Type': 'text/html', 'Expect': '100-Continue', 'User-Agent': 'Boto/2.20.1 Python/2.7.6 Linux/3.13.0-48-generic'}
DEBUG:boto:Host: hapyakdemopagedrop.s3.amazonaws.com
DEBUG:boto:Port: 443
DEBUG:boto:Params: {}
DEBUG:boto:Token: None
DEBUG:boto:StringToSign:
PUT
QRH17GPnIGY3CadbDO5f2w==
text/html
Thu, 25 Jun 2015 12:42:05 GMT
/hapyakdemopagedrop/unknown/templatehtml.html
DEBUG:boto:Signature:
AWS AKIAILL4JI45EBVCWLXQ:ZVopI+7Os1Tm3+rr6aj/pJROCj8=
DEBUG:boto:path=/unknown/templatehtml.html
DEBUG:boto:auth_path=/hapyakdemopagedrop/unknown/templatehtml.html
DEBUG:boto:path=/unknown/templatehtml.html?acl
DEBUG:boto:auth_path=/hapyakdemopagedrop/unknown/templatehtml.html?acl
DEBUG:boto:Method: PUT
DEBUG:boto:Path: /unknown/templatehtml.html?acl
DEBUG:boto:Data: 
DEBUG:boto:Headers: {'x-amz-acl': 'public-read'}
DEBUG:boto:Host: hapyakdemopagedrop.s3.amazonaws.com
DEBUG:boto:Port: 443
DEBUG:boto:Params: {}
DEBUG:boto:Token: None
DEBUG:boto:StringToSign:
PUT


Thu, 25 Jun 2015 12:42:05 GMT
x-amz-acl:public-read
/hapyakdemopagedrop/unknown/templatehtml.html?acl
DEBUG:boto:Signature:
AWS AKIAILL4JI45EBVCWLXQ:0Sqcv+W08UMc1Pj4rlWCi3bZUFY=
DEBUG:boto:Using access key provided by client.
DEBUG:boto:Using secret key provided by client.
DEBUG:boto:path=/
DEBUG:boto:auth_path=/hapyakdemopagedrop/
DEBUG:boto:path=/?max-keys=0
DEBUG:boto:auth_path=/hapyakdemopagedrop/?max-keys=0
DEBUG:boto:Method: GET
DEBUG:boto:Path: /?max-keys=0
DEBUG:boto:Data: 
DEBUG:boto:Headers: {}
DEBUG:boto:Host: hapyakdemopagedrop.s3.amazonaws.com
DEBUG:boto:Port: 443
DEBUG:boto:Params: {}
DEBUG:boto:establishing HTTPS connection: host=hapyakdemopagedrop.s3.amazonaws.com, kwargs={'port': 443, 'timeout': 70}
DEBUG:boto:Token: None
DEBUG:boto:StringToSign:
GET


Thu, 25 Jun 2015 12:43:29 GMT
/hapyakdemopagedrop/
DEBUG:boto:Signature:
AWS AKIAILL4JI45EBVCWLXQ:yZFL8bYDnmns2wyVMPH4IbGyZX0=
DEBUG:boto:<?xml version="1.0" encoding="UTF-8"?>
<ListBucketResult xmlns="http://s3.amazonaws.com/doc/2006-03-01/"><Name>hapyakdemopagedrop</Name><Prefix></Prefix><Marker></Marker><MaxKeys>0</MaxKeys><IsTruncated>false</IsTruncated></ListBucketResult>
DEBUG:boto:path=/html/templatehtml.html
DEBUG:boto:auth_path=/hapyakdemopagedrop/html/templatehtml.html
DEBUG:boto:Method: PUT
DEBUG:boto:Path: /html/templatehtml.html
DEBUG:boto:Data: 
DEBUG:boto:Headers: {'Content-Length': '5464', 'Content-MD5': 'QRH17GPnIGY3CadbDO5f2w==', 'Content-Type': 'text/html', 'Expect': '100-Continue', 'User-Agent': 'Boto/2.20.1 Python/2.7.6 Linux/3.13.0-48-generic'}
DEBUG:boto:Host: hapyakdemopagedrop.s3.amazonaws.com
DEBUG:boto:Port: 443
DEBUG:boto:Params: {}
DEBUG:boto:Token: None
DEBUG:boto:StringToSign:
PUT
QRH17GPnIGY3CadbDO5f2w==
text/html
Thu, 25 Jun 2015 12:43:29 GMT
/hapyakdemopagedrop/html/templatehtml.html
DEBUG:boto:Signature:
AWS AKIAILL4JI45EBVCWLXQ:slx9H/kH9ONSvyLaxRAkBg+NkXM=
DEBUG:boto:path=/html/templatehtml.html
DEBUG:boto:auth_path=/hapyakdemopagedrop/html/templatehtml.html
DEBUG:boto:path=/html/templatehtml.html?acl
DEBUG:boto:auth_path=/hapyakdemopagedrop/html/templatehtml.html?acl
DEBUG:boto:Method: PUT
DEBUG:boto:Path: /html/templatehtml.html?acl
DEBUG:boto:Data: 
DEBUG:boto:Headers: {'x-amz-acl': 'public-read'}
DEBUG:boto:Host: hapyakdemopagedrop.s3.amazonaws.com
DEBUG:boto:Port: 443
DEBUG:boto:Params: {}
DEBUG:boto:Token: None
DEBUG:boto:StringToSign:
PUT


Thu, 25 Jun 2015 12:43:29 GMT
x-amz-acl:public-read
/hapyakdemopagedrop/html/templatehtml.html?acl
DEBUG:boto:Signature:
AWS AKIAILL4JI45EBVCWLXQ:YITBBZKIrduUUkRm1uJHpNMIk/M=
DEBUG:boto:Using access key provided by client.
DEBUG:boto:Using secret key provided by client.
DEBUG:boto:path=/
DEBUG:boto:auth_path=/hapyakdemopagedrop/
DEBUG:boto:path=/?max-keys=0
DEBUG:boto:auth_path=/hapyakdemopagedrop/?max-keys=0
DEBUG:boto:Method: GET
DEBUG:boto:Path: /?max-keys=0
DEBUG:boto:Data: 
DEBUG:boto:Headers: {}
DEBUG:boto:Host: hapyakdemopagedrop.s3.amazonaws.com
DEBUG:boto:Port: 443
DEBUG:boto:Params: {}
DEBUG:boto:establishing HTTPS connection: host=hapyakdemopagedrop.s3.amazonaws.com, kwargs={'port': 443, 'timeout': 70}
DEBUG:boto:Token: None
DEBUG:boto:StringToSign:
GET


Thu, 25 Jun 2015 13:23:18 GMT
/hapyakdemopagedrop/
DEBUG:boto:Signature:
AWS AKIAILL4JI45EBVCWLXQ:5fdxPmzQj1tkvsOWSkN1CPFyLuw=
DEBUG:boto:<?xml version="1.0" encoding="UTF-8"?>
<ListBucketResult xmlns="http://s3.amazonaws.com/doc/2006-03-01/"><Name>hapyakdemopagedrop</Name><Prefix></Prefix><Marker></Marker><MaxKeys>0</MaxKeys><IsTruncated>false</IsTruncated></ListBucketResult>
DEBUG:oauth2client.client:{'iss': u'205443885400-cdl80r1q3am00nv1tnont4i2urafla3j@developer.gserviceaccount.com', 'scope': 'https://spreadsheets.google.com/feeds', 'aud': 'https://accounts.google.com/o/oauth2/token', 'exp': 1435242198, 'iat': 1435238598}
DEBUG:oauth2client.crypt:[u'eyJhbGciOiJSUzI1NiIsInR5cCI6IkpXVCJ9', u'eyJpc3MiOiIyMDU0NDM4ODU0MDAtY2RsODByMXEzYW0wMG52MXRub250NGkydXJhZmxhM2pAZGV2ZWxvcGVyLmdzZXJ2aWNlYWNjb3VudC5jb20iLCJzY29wZSI6Imh0dHBzOi8vc3ByZWFkc2hlZXRzLmdvb2dsZS5jb20vZmVlZHMiLCJhdWQiOiJodHRwczovL2FjY291bnRzLmdvb2dsZS5jb20vby9vYXV0aDIvdG9rZW4iLCJleHAiOjE0MzUyNDIxOTgsImlhdCI6MTQzNTIzODU5OH0', u'aXP00pGzmUiF8rb-j8ftLj3naNLdf9IB09cgkbJGbS0L_1CuSoubo2pxQrKTxrj2dJRp_8OYbA3vEeaVO2Kcdt9IFnf4C60_HoQ03ERi7MyaTbkVPcRdj3fuXHQ_k287R4P55GDFvrlgjNhfwTEQ68SDZUezOrU8H3w_ud5h5dM']
INFO:oauth2client.client:Refreshing access_token
DEBUG:root:checkwhenupdated
DEBUG:root:loadingworksheet
